<?xml version="1.0" encoding="utf-8" standalone="no"?>
<!--This file represents the results of running a test suite-->
<test-results name="C:\Matt\code\Apotheca\source\Apotheca.Tests.nunit" total="76" errors="0" failures="0" not-run="0" inconclusive="0" ignored="0" skipped="0" invalid="0" date="2016-05-15" time="19:55:47">
  <environment nunit-version="2.6.3.13283" clr-version="2.0.50727.8689" os-version="Microsoft Windows NT 6.2.9200.0" platform="Win32NT" cwd="C:\Program Files (x86)\NUnit 2.6.3\bin" machine-name="ACC2S" user="Matt" user-domain="ACC2S" />
  <culture-info current-culture="en-US" current-uiculture="en-US" />
  <test-suite type="Project" name="C:\Matt\code\Apotheca\source\Apotheca.Tests.nunit" executed="True" result="Success" success="True" time="1.123" asserts="0">
    <results>
      <test-suite type="Assembly" name="C:\Matt\code\Apotheca\source\Test.Apotheca\bin\Debug\Test.Apotheca.dll" executed="True" result="Success" success="True" time="0.602" asserts="0">
        <results>
          <test-suite type="Namespace" name="Test" executed="True" result="Success" success="True" time="0.601" asserts="0">
            <results>
              <test-suite type="Namespace" name="Apotheca" executed="True" result="Success" success="True" time="0.600" asserts="0">
                <results>
                  <test-suite type="Namespace" name="Controllers" executed="True" result="Success" success="True" time="0.188" asserts="0">
                    <results>
                      <test-suite type="TestFixture" name="DashboardControllerTest" executed="True" result="Success" success="True" time="0.035" asserts="0">
                        <results>
                          <test-case name="Test.Apotheca.Controllers.DashboardControllerTest.HandleDashboardGetAsync_OnExecute_SetsModelValues" executed="True" result="Success" success="True" time="0.033" asserts="0" />
                        </results>
                      </test-suite>
                      <test-suite type="TestFixture" name="DocumentControllerTest" executed="True" result="Success" success="True" time="0.072" asserts="0">
                        <results>
                          <test-case name="Test.Apotheca.Controllers.DocumentControllerTest.HandleDocumentAddPost_FailsDataValidation_DisplaysView" executed="True" result="Success" success="True" time="0.015" asserts="0" />
                          <test-case name="Test.Apotheca.Controllers.DocumentControllerTest.HandleDocumentAddPost_FailsModelValidation_DisplaysView" executed="True" result="Success" success="True" time="0.010" asserts="0" />
                          <test-case name="Test.Apotheca.Controllers.DocumentControllerTest.HandleDocumentAddPost_OnSuccess_RedirectsToDashboard" executed="True" result="Success" success="True" time="0.012" asserts="0" />
                          <test-suite type="ParameterizedTest" name="HandleDocumentUploadPost_FilesPosted_Saved" executed="True" result="Success" success="True" time="0.024" asserts="0">
                            <results>
                              <test-case name="Test.Apotheca.Controllers.DocumentControllerTest.HandleDocumentUploadPost_FilesPosted_Saved(&quot;Test.txt&quot;,&quot;Test2.txt&quot;)" executed="True" result="Success" success="True" time="0.004" asserts="0" />
                              <test-case name="Test.Apotheca.Controllers.DocumentControllerTest.HandleDocumentUploadPost_FilesPosted_Saved(System.String[])" executed="True" result="Success" success="True" time="0.006" asserts="0" />
                              <test-case name="Test.Apotheca.Controllers.DocumentControllerTest.HandleDocumentUploadPost_FilesPosted_Saved(&quot;Test.txt&quot;,&quot;Test2.txt&quot;,&quot;Test3.txt&quot;)" executed="True" result="Success" success="True" time="0.006" asserts="0" />
                            </results>
                          </test-suite>
                        </results>
                      </test-suite>
                      <test-suite type="TestFixture" name="LoginControllerTest" executed="True" result="Success" success="True" time="0.021" asserts="0">
                        <results>
                          <test-case name="Test.Apotheca.Controllers.LoginControllerTest.HandleLoginGet_AlreadyLoggedIn_RedirectsToDashboard" executed="True" result="Success" success="True" time="0.011" asserts="0" />
                          <test-case name="Test.Apotheca.Controllers.LoginControllerTest.HandleLoginGet_NoUsers_RedirectsToSetup" executed="True" result="Success" success="True" time="0.001" asserts="0" />
                          <test-case name="Test.Apotheca.Controllers.LoginControllerTest.HandleLoginGet_UsersExist_ReturnsView" executed="True" result="Success" success="True" time="0.001" asserts="0" />
                        </results>
                      </test-suite>
                      <test-suite type="TestFixture" name="SetupControllerTest" executed="True" result="Success" success="True" time="0.046" asserts="0">
                        <results>
                          <test-case name="Test.Apotheca.Controllers.SetupControllerTest.DefaultGet_NoUsersExist_DisplaysView" executed="True" result="Success" success="True" time="0.013" asserts="0" />
                          <test-case name="Test.Apotheca.Controllers.SetupControllerTest.DefaultGet_UsersExist_Redirects" executed="True" result="Success" success="True" time="0.001" asserts="0" />
                          <test-case name="Test.Apotheca.Controllers.SetupControllerTest.DefaultPost_OnDbValidationFailure_ExitsToSetupView" executed="True" result="Success" success="True" time="0.009" asserts="0" />
                          <test-case name="Test.Apotheca.Controllers.SetupControllerTest.DefaultPost_OnExecute_SetsModelValues" executed="True" result="Success" success="True" time="0.002" asserts="0" />
                          <test-case name="Test.Apotheca.Controllers.SetupControllerTest.DefaultPost_OnModelValidationFailure_ExitsToSetupView" executed="True" result="Success" success="True" time="0.001" asserts="0" />
                          <test-case name="Test.Apotheca.Controllers.SetupControllerTest.DefaultPost_OnValidationSuccess_RedirectsToDashboard" executed="True" result="Success" success="True" time="0.004" asserts="0" />
                        </results>
                      </test-suite>
                    </results>
                  </test-suite>
                  <test-suite type="Namespace" name="Security" executed="True" result="Success" success="True" time="0.057" asserts="0">
                    <results>
                      <test-suite type="TestFixture" name="UserMapperTest" executed="True" result="Success" success="True" time="0.057" asserts="0">
                        <results>
                          <test-case name="Test.Apotheca.Security.UserMapperTest.GetUserFromIdentifier_NoUser_ReturnsNull" executed="True" result="Success" success="True" time="0.050" asserts="0" />
                          <test-case name="Test.Apotheca.Security.UserMapperTest.GetUserFromIdentifier_UserExists_ReturnsUser" executed="True" result="Success" success="True" time="0.002" asserts="0" />
                        </results>
                      </test-suite>
                    </results>
                  </test-suite>
                  <test-suite type="Namespace" name="Services" executed="True" result="Success" success="True" time="0.255" asserts="0">
                    <results>
                      <test-suite type="TestFixture" name="FileUtilityServiceTest" executed="True" result="Success" success="True" time="0.255" asserts="0">
                        <results>
                          <test-case name="Test.Apotheca.Services.FileUtilityServiceTest.CleanUploadedFiles_FileExistsButNotOldEnough_DoesNotDeleteFile" executed="True" result="Success" success="True" time="0.133" asserts="0" />
                          <test-case name="Test.Apotheca.Services.FileUtilityServiceTest.CleanUploadedFiles_NewAndOldFilesExist_DeletesOnlyOldFile" executed="True" result="Success" success="True" time="0.010" asserts="0" />
                          <test-case name="Test.Apotheca.Services.FileUtilityServiceTest.CleanUploadedFiles_NoFiles_Executes" executed="True" result="Success" success="True" time="0.004" asserts="0" />
                          <test-case name="Test.Apotheca.Services.FileUtilityServiceTest.CleanUploadedFiles_OldFilesExist_DeletesFile" executed="True" result="Success" success="True" time="0.005" asserts="0" />
                          <test-case name="Test.Apotheca.Services.FileUtilityServiceTest.LoadUploadedFile_OnExecute_LoadsFile" executed="True" result="Success" success="True" time="0.004" asserts="0" />
                          <test-case name="Test.Apotheca.Services.FileUtilityServiceTest.SaveUploadedFile_DirectoryDoesNotExist_DirectoryCreated" executed="True" result="Success" success="True" time="0.067" asserts="0" />
                          <test-case name="Test.Apotheca.Services.FileUtilityServiceTest.SaveUploadedFileFilePosted_FileIsCreated" executed="True" result="Success" success="True" time="0.009" asserts="0" />
                        </results>
                      </test-suite>
                    </results>
                  </test-suite>
                  <test-suite type="Namespace" name="Validators" executed="True" result="Success" success="True" time="0.081" asserts="0">
                    <results>
                      <test-suite type="TestFixture" name="UserViewModelValidatorTest" executed="True" result="Success" success="True" time="0.081" asserts="0">
                        <results>
                          <test-case name="Test.Apotheca.Validators.UserViewModelValidatorTest.Validate_InvalidEmailAddress_FailsValidation" executed="True" result="Success" success="True" time="0.012" asserts="0" />
                          <test-suite type="ParameterizedTest" name="Validate_InvalidFirstName_FailsValidation" executed="True" result="Success" success="True" time="0.006" asserts="0">
                            <results>
                              <test-case name="Test.Apotheca.Validators.UserViewModelValidatorTest.Validate_InvalidFirstName_FailsValidation(&quot;&quot;)" executed="True" result="Success" success="True" time="0.001" asserts="0" />
                              <test-case name="Test.Apotheca.Validators.UserViewModelValidatorTest.Validate_InvalidFirstName_FailsValidation(null)" executed="True" result="Success" success="True" time="0.000" asserts="0" />
                            </results>
                          </test-suite>
                          <test-suite type="ParameterizedTest" name="Validate_InvalidPassword_FailsValidation" executed="True" result="Success" success="True" time="0.012" asserts="0">
                            <results>
                              <test-case name="Test.Apotheca.Validators.UserViewModelValidatorTest.Validate_InvalidPassword_FailsValidation(&quot;abc&quot;)" executed="True" result="Success" success="True" time="0.001" asserts="0" />
                              <test-case name="Test.Apotheca.Validators.UserViewModelValidatorTest.Validate_InvalidPassword_FailsValidation(&quot;1234567&quot;)" executed="True" result="Success" success="True" time="0.000" asserts="0" />
                              <test-case name="Test.Apotheca.Validators.UserViewModelValidatorTest.Validate_InvalidPassword_FailsValidation(&quot;&quot;)" executed="True" result="Success" success="True" time="0.000" asserts="0" />
                              <test-case name="Test.Apotheca.Validators.UserViewModelValidatorTest.Validate_InvalidPassword_FailsValidation(null)" executed="True" result="Success" success="True" time="0.000" asserts="0" />
                            </results>
                          </test-suite>
                          <test-suite type="ParameterizedTest" name="Validate_InvalidRole_FailsValidation" executed="True" result="Success" success="True" time="0.008" asserts="0">
                            <results>
                              <test-case name="Test.Apotheca.Validators.UserViewModelValidatorTest.Validate_InvalidRole_FailsValidation(null)" executed="True" result="Success" success="True" time="0.001" asserts="0" />
                              <test-case name="Test.Apotheca.Validators.UserViewModelValidatorTest.Validate_InvalidRole_FailsValidation(&quot;bollocks&quot;)" executed="True" result="Success" success="True" time="0.000" asserts="0" />
                              <test-case name="Test.Apotheca.Validators.UserViewModelValidatorTest.Validate_InvalidRole_FailsValidation(&quot;&quot;)" executed="True" result="Success" success="True" time="0.000" asserts="0" />
                            </results>
                          </test-suite>
                          <test-case name="Test.Apotheca.Validators.UserViewModelValidatorTest.Validate_IsValidObject_PassesValidation" executed="True" result="Success" success="True" time="0.001" asserts="0" />
                          <test-case name="Test.Apotheca.Validators.UserViewModelValidatorTest.Validate_ModelNull_ThrowsArgumentNullException" executed="True" result="Success" success="True" time="0.013" asserts="0" />
                          <test-case name="Test.Apotheca.Validators.UserViewModelValidatorTest.Validate_OnValidation_CheckDependencies" executed="True" result="Success" success="True" time="0.001" asserts="0" />
                        </results>
                      </test-suite>
                    </results>
                  </test-suite>
                </results>
              </test-suite>
            </results>
          </test-suite>
        </results>
      </test-suite>
      <test-suite type="Assembly" name="C:\Matt\code\Apotheca\source\Test.Apotheca.BLL\bin\Debug\Test.Apotheca.BLL.dll" executed="True" result="Success" success="True" time="0.493" asserts="0">
        <results>
          <test-suite type="Namespace" name="Test" executed="True" result="Success" success="True" time="0.492" asserts="0">
            <results>
              <test-suite type="Namespace" name="Apotheca" executed="True" result="Success" success="True" time="0.492" asserts="0">
                <results>
                  <test-suite type="Namespace" name="BLL" executed="True" result="Success" success="True" time="0.492" asserts="0">
                    <results>
                      <test-suite type="Namespace" name="Commands" executed="True" result="Success" success="True" time="0.138" asserts="0">
                        <results>
                          <test-suite type="Namespace" name="Document" executed="True" result="Success" success="True" time="0.075" asserts="0">
                            <results>
                              <test-suite type="TestFixture" name="CreateDocumentCommandTest" executed="True" result="Success" success="True" time="0.074" asserts="0">
                                <results>
                                  <test-case name="Test.Apotheca.BLL.Commands.Document.CreateDocumentCommandTest.Execute_UserDocument_ThrowsException" executed="True" result="Success" success="True" time="0.048" asserts="0" />
                                  <test-case name="Test.Apotheca.BLL.Commands.Document.CreateDocumentCommandTest.Execute_WithDocument_SavesAndReturnsId" executed="True" result="Success" success="True" time="0.004" asserts="0" />
                                  <test-case name="Test.Apotheca.BLL.Commands.Document.CreateDocumentCommandTest.Execute_WithDocument_SetsCreatedOn" executed="True" result="Success" success="True" time="0.006" asserts="0" />
                                  <test-case name="Test.Apotheca.BLL.Commands.Document.CreateDocumentCommandTest.Execute_WithDocument_UsesTransaction" executed="True" result="Success" success="True" time="0.002" asserts="0" />
                                  <test-case name="Test.Apotheca.BLL.Commands.Document.CreateDocumentCommandTest.Execute_WithDocument_Validate" executed="True" result="Success" success="True" time="0.002" asserts="0" />
                                </results>
                              </test-suite>
                            </results>
                          </test-suite>
                          <test-suite type="Namespace" name="User" executed="True" result="Success" success="True" time="0.057" asserts="0">
                            <results>
                              <test-suite type="TestFixture" name="CreateUserCommandTest" executed="True" result="Success" success="True" time="0.056" asserts="0">
                                <results>
                                  <test-case name="Test.Apotheca.BLL.Commands.User.CreateUserCommandTest.Execute_UserNull_ThrowsException" executed="True" result="Success" success="True" time="0.015" asserts="0" />
                                  <test-case name="Test.Apotheca.BLL.Commands.User.CreateUserCommandTest.Execute_WithUser_SavesAndReturnsId" executed="True" result="Success" success="True" time="0.005" asserts="0" />
                                  <test-case name="Test.Apotheca.BLL.Commands.User.CreateUserCommandTest.Execute_WithUser_SetsApiKey" executed="True" result="Success" success="True" time="0.003" asserts="0" />
                                  <test-case name="Test.Apotheca.BLL.Commands.User.CreateUserCommandTest.Execute_WithUser_SetsCreatedOn" executed="True" result="Success" success="True" time="0.002" asserts="0" />
                                  <test-case name="Test.Apotheca.BLL.Commands.User.CreateUserCommandTest.Execute_WithUser_SetsPasswordAndSalt" executed="True" result="Success" success="True" time="0.003" asserts="0" />
                                  <test-case name="Test.Apotheca.BLL.Commands.User.CreateUserCommandTest.Execute_WithUser_UsesTransaction" executed="True" result="Success" success="True" time="0.002" asserts="0" />
                                  <test-case name="Test.Apotheca.BLL.Commands.User.CreateUserCommandTest.Execute_WithUser_Validate" executed="True" result="Success" success="True" time="0.002" asserts="0" />
                                </results>
                              </test-suite>
                            </results>
                          </test-suite>
                        </results>
                      </test-suite>
                      <test-suite type="Namespace" name="Data" executed="True" result="Success" success="True" time="0.164" asserts="0">
                        <results>
                          <test-suite type="TestFixture" name="DbMigratorTest" executed="True" result="Success" success="True" time="0.163" asserts="0">
                            <results>
                              <test-case name="Test.Apotheca.BLL.Data.DbMigratorTest.Migrate_WhenExecuted_ExecutesAllScripts" executed="True" result="Success" success="True" time="0.155" asserts="0" />
                              <test-case name="Test.Apotheca.BLL.Data.DbMigratorTest.Migrate_WhenExecuted_ReplacesSchema" executed="True" result="Success" success="True" time="0.002" asserts="0" />
                            </results>
                          </test-suite>
                        </results>
                      </test-suite>
                      <test-suite type="Namespace" name="Resources" executed="True" result="Success" success="True" time="0.013" asserts="0">
                        <results>
                          <test-suite type="TestFixture" name="DbScriptResourceProviderTest" executed="True" result="Success" success="True" time="0.013" asserts="0">
                            <results>
                              <test-case name="Test.Apotheca.BLL.Resources.DbScriptResourceProviderTest.GetDbMigrationScripts_WhenExecuted_ReturnsScripts" executed="True" result="Success" success="True" time="0.011" asserts="0" />
                            </results>
                          </test-suite>
                        </results>
                      </test-suite>
                      <test-suite type="Namespace" name="Validators" executed="True" result="Success" success="True" time="0.156" asserts="0">
                        <results>
                          <test-suite type="TestFixture" name="DocumentValidatorTest" executed="True" result="Success" success="True" time="0.025" asserts="0">
                            <results>
                              <test-case name="Test.Apotheca.BLL.Validators.DocumentValidatorTest.Validate_DocumentNull_ThrowsArgumentNullException" executed="True" result="Success" success="True" time="0.003" asserts="0" />
                              <test-case name="Test.Apotheca.BLL.Validators.DocumentValidatorTest.Validate_InvalidCreatedByUserId_FailsValidation" executed="True" result="Success" success="True" time="0.002" asserts="0" />
                              <test-case name="Test.Apotheca.BLL.Validators.DocumentValidatorTest.Validate_InvalidExtension_FailsValidation" executed="True" result="Success" success="True" time="0.001" asserts="0" />
                              <test-case name="Test.Apotheca.BLL.Validators.DocumentValidatorTest.Validate_InvalidFileContents_FailsValidation" executed="True" result="Success" success="True" time="0.001" asserts="0" />
                              <test-case name="Test.Apotheca.BLL.Validators.DocumentValidatorTest.Validate_InvalidName_FailsValidation" executed="True" result="Success" success="True" time="0.001" asserts="0" />
                              <test-case name="Test.Apotheca.BLL.Validators.DocumentValidatorTest.Validate_IsValidObject_PassesValidation" executed="True" result="Success" success="True" time="0.001" asserts="0" />
                            </results>
                          </test-suite>
                          <test-suite type="TestFixture" name="StringValidatorTest" executed="True" result="Success" success="True" time="0.068" asserts="0">
                            <results>
                              <test-suite type="ParameterizedTest" name="IsValidEmailAddress_CheckValidation" executed="True" result="Success" success="True" time="0.067" asserts="0">
                                <results>
                                  <test-case name="Test.Apotheca.BLL.Validators.StringValidatorTest.IsValidEmailAddress_CheckValidation(null,False)" executed="True" result="Success" success="True" time="0.005" asserts="0" />
                                  <test-case name="Test.Apotheca.BLL.Validators.StringValidatorTest.IsValidEmailAddress_CheckValidation(&quot;a@a.a&quot;,True)" executed="True" result="Success" success="True" time="0.048" asserts="0" />
                                  <test-case name="Test.Apotheca.BLL.Validators.StringValidatorTest.IsValidEmailAddress_CheckValidation(&quot;matt@test.com&quot;,True)" executed="True" result="Success" success="True" time="0.000" asserts="0" />
                                  <test-case name="Test.Apotheca.BLL.Validators.StringValidatorTest.IsValidEmailAddress_CheckValidation(&quot;a@a&quot;,False)" executed="True" result="Success" success="True" time="0.000" asserts="0" />
                                  <test-case name="Test.Apotheca.BLL.Validators.StringValidatorTest.IsValidEmailAddress_CheckValidation(&quot;&quot;,False)" executed="True" result="Success" success="True" time="0.000" asserts="0" />
                                </results>
                              </test-suite>
                            </results>
                          </test-suite>
                          <test-suite type="TestFixture" name="UserValidatorTest" executed="True" result="Success" success="True" time="0.053" asserts="0">
                            <results>
                              <test-case name="Test.Apotheca.BLL.Validators.UserValidatorTest.Validate_InvalidEmailAddress_FailsValidation" executed="True" result="Success" success="True" time="0.005" asserts="0" />
                              <test-suite type="ParameterizedTest" name="Validate_InvalidFirstName_FailsValidation" executed="True" result="Success" success="True" time="0.006" asserts="0">
                                <results>
                                  <test-case name="Test.Apotheca.BLL.Validators.UserValidatorTest.Validate_InvalidFirstName_FailsValidation(null)" executed="True" result="Success" success="True" time="0.001" asserts="0" />
                                  <test-case name="Test.Apotheca.BLL.Validators.UserValidatorTest.Validate_InvalidFirstName_FailsValidation(&quot;&quot;)" executed="True" result="Success" success="True" time="0.001" asserts="0" />
                                </results>
                              </test-suite>
                              <test-suite type="ParameterizedTest" name="Validate_InvalidPassword_FailsValidation" executed="True" result="Success" success="True" time="0.005" asserts="0">
                                <results>
                                  <test-case name="Test.Apotheca.BLL.Validators.UserValidatorTest.Validate_InvalidPassword_FailsValidation(null)" executed="True" result="Success" success="True" time="0.001" asserts="0" />
                                  <test-case name="Test.Apotheca.BLL.Validators.UserValidatorTest.Validate_InvalidPassword_FailsValidation(&quot;&quot;)" executed="True" result="Success" success="True" time="0.000" asserts="0" />
                                </results>
                              </test-suite>
                              <test-suite type="ParameterizedTest" name="Validate_InvalidRole_FailsValidation" executed="True" result="Success" success="True" time="0.007" asserts="0">
                                <results>
                                  <test-case name="Test.Apotheca.BLL.Validators.UserValidatorTest.Validate_InvalidRole_FailsValidation(&quot;bollocks&quot;)" executed="True" result="Success" success="True" time="0.001" asserts="0" />
                                  <test-case name="Test.Apotheca.BLL.Validators.UserValidatorTest.Validate_InvalidRole_FailsValidation(null)" executed="True" result="Success" success="True" time="0.000" asserts="0" />
                                  <test-case name="Test.Apotheca.BLL.Validators.UserValidatorTest.Validate_InvalidRole_FailsValidation(&quot;&quot;)" executed="True" result="Success" success="True" time="0.000" asserts="0" />
                                </results>
                              </test-suite>
                              <test-case name="Test.Apotheca.BLL.Validators.UserValidatorTest.Validate_IsValidObject_PassesValidation" executed="True" result="Success" success="True" time="0.001" asserts="0" />
                              <test-case name="Test.Apotheca.BLL.Validators.UserValidatorTest.Validate_NewUserAlreadyExists_FailsValidation" executed="True" result="Success" success="True" time="0.001" asserts="0" />
                              <test-case name="Test.Apotheca.BLL.Validators.UserValidatorTest.Validate_OnValidation_CheckDependencies" executed="True" result="Success" success="True" time="0.001" asserts="0" />
                              <test-case name="Test.Apotheca.BLL.Validators.UserValidatorTest.Validate_UserNull_ThrowsArgumentNullException" executed="True" result="Success" success="True" time="0.001" asserts="0" />
                            </results>
                          </test-suite>
                        </results>
                      </test-suite>
                    </results>
                  </test-suite>
                </results>
              </test-suite>
            </results>
          </test-suite>
        </results>
      </test-suite>
    </results>
  </test-suite>
</test-results>