<?xml version="1.0" encoding="utf-8" standalone="no"?>
<!--This file represents the results of running a test suite-->
<test-results name="C:\Matt\code\Apotheca\source\Apotheca.Tests.nunit" total="1" errors="0" failures="1" not-run="0" inconclusive="0" ignored="0" skipped="0" invalid="0" date="2016-05-10" time="22:05:29">
  <environment nunit-version="2.6.3.13283" clr-version="2.0.50727.8689" os-version="Microsoft Windows NT 6.2.9200.0" platform="Win32NT" cwd="C:\Program Files (x86)\NUnit 2.6.3\bin" machine-name="ACC2S" user="Matt" user-domain="ACC2S" />
  <culture-info current-culture="en-US" current-uiculture="en-US" />
  <test-suite type="Project" name="C:\Matt\code\Apotheca\source\Apotheca.Tests.nunit" executed="True" result="Failure" success="False" time="1.050" asserts="0">
    <results>
      <test-suite type="Assembly" name="C:\Matt\code\Apotheca\source\Test.Apotheca\bin\Debug\Test.Apotheca.dll" executed="True" result="Failure" success="False" time="1.037" asserts="0">
        <results>
          <test-suite type="Namespace" name="Test" executed="True" result="Failure" success="False" time="1.036" asserts="0">
            <results>
              <test-suite type="Namespace" name="Apotheca" executed="True" result="Failure" success="False" time="1.036" asserts="0">
                <results>
                  <test-suite type="Namespace" name="Controllers" executed="True" result="Failure" success="False" time="1.036" asserts="0">
                    <results>
                      <test-suite type="TestFixture" name="DocumentControllerTest" executed="True" result="Failure" success="False" time="1.034" asserts="0">
                        <results>
                          <test-case name="Test.Apotheca.Controllers.DocumentControllerTest.HandleDocumentAddPost_FailsDataValidation_DisplaysView" executed="True" result="Failure" success="False" time="1.024" asserts="0">
                            <failure>
                              <message><![CDATA[]]></message>
                              <stack-trace><![CDATA[at Test.Apotheca.Controllers.DocumentControllerTest.HandleDocumentAddPost_FailsDataValidation_DisplaysView() in c:\Matt\code\Apotheca\source\Test.Apotheca\Controllers\DocumentControllerTest.cs:line 82
]]></stack-trace>
                            </failure>
                          </test-case>
                        </results>
                      </test-suite>
                    </results>
                  </test-suite>
                </results>
              </test-suite>
            </results>
          </test-suite>
        </results>
      </test-suite>
    </results>
  </test-suite>
</test-results>